{"level":"info","message":{"action":"ORG_CREATE","details":{"orgId":1},"orgId":1,"userId":1},"timestamp":"2025-11-22T02:09:21.727Z"}
{"level":"info","message":{"action":"USER_LOGIN","details":{"userId":1},"orgId":1,"userId":1},"timestamp":"2025-11-22T02:12:30.796Z"}
{"level":"info","message":{"action":"USER_LOGIN","details":{"userId":1},"orgId":1,"userId":1},"timestamp":"2025-11-22T02:22:15.966Z"}
{"level":"info","message":{"action":"EMP_CREATE","details":{"employeeId":1},"orgId":1,"userId":1},"timestamp":"2025-11-22T02:35:27.652Z"}
{"level":"info","message":{"action":"USER_LOGIN","details":{"userId":1},"orgId":1,"userId":1},"timestamp":"2025-11-22T03:08:50.972Z"}
{"level":"info","message":{"action":"EMP_CREATE","details":{"employeeId":2},"orgId":1,"userId":1},"timestamp":"2025-11-22T03:10:15.031Z"}
{"level":"info","message":{"action":"USER_LOGOUT","details":{"userId":1},"orgId":1,"userId":1},"timestamp":"2025-11-22T03:12:35.050Z"}
{"level":"info","message":{"action":"USER_LOGIN","details":{"userId":1},"orgId":1,"userId":1},"timestamp":"2025-11-22T03:15:09.925Z"}
{"level":"info","message":{"action":"USER_LOGOUT","details":{"userId":1},"orgId":1,"userId":1},"timestamp":"2025-11-22T03:19:26.285Z"}
{"level":"info","message":{"action":"USER_LOGIN","details":{"userId":1},"orgId":1,"userId":1},"timestamp":"2025-11-22T03:19:51.465Z"}
{"level":"info","message":{"action":"EMP_CREATE","details":{"employeeId":3},"orgId":1,"userId":1},"timestamp":"2025-11-22T03:20:45.777Z"}
{"level":"info","message":{"action":"TEAM_CREATE","details":{"teamId":1},"orgId":1,"userId":1},"timestamp":"2025-11-22T03:21:07.204Z"}
{"level":"info","message":{"action":"USER_LOGOUT","details":{"userId":1},"orgId":1,"userId":1},"timestamp":"2025-11-22T03:21:31.380Z"}
{"level":"info","message":{"action":"USER_LOGIN","details":{"userId":1},"orgId":1,"userId":1},"timestamp":"2025-11-22T04:07:33.634Z"}
{"level":"info","message":{"action":"EMP_ASSIGN","details":{"employeeId":1,"teamId":1},"orgId":1,"userId":1},"timestamp":"2025-11-22T04:28:37.020Z"}
{"level":"info","message":{"action":"EMP_UNASSIGN","details":{"employeeId":1,"teamId":1},"orgId":1,"userId":1},"timestamp":"2025-11-22T04:28:42.061Z"}
{"level":"info","message":{"action":"EMP_ASSIGN","details":{"employeeId":1,"teamId":1},"orgId":1,"userId":1},"timestamp":"2025-11-22T04:28:43.612Z"}
{"level":"info","message":{"action":"EMP_UNASSIGN","details":{"employeeId":1,"teamId":1},"orgId":1,"userId":1},"timestamp":"2025-11-22T04:28:44.363Z"}
{"level":"info","message":{"action":"EMP_ASSIGN","details":{"employeeId":1,"teamId":1},"orgId":1,"userId":1},"timestamp":"2025-11-22T04:28:45.462Z"}
{"level":"info","message":{"action":"EMP_UNASSIGN","details":{"employeeId":1,"teamId":1},"orgId":1,"userId":1},"timestamp":"2025-11-22T04:28:46.327Z"}
{"level":"info","message":{"action":"USER_LOGOUT","details":{"userId":1},"orgId":1,"userId":1},"timestamp":"2025-11-22T07:16:30.577Z"}
{"level":"info","message":{"action":"ORG_CREATE","details":{"orgId":2},"orgId":2,"userId":2},"timestamp":"2025-11-22T07:17:27.890Z"}
{"level":"info","message":{"action":"USER_LOGOUT","details":{"userId":2},"orgId":2,"userId":2},"timestamp":"2025-11-22T07:22:34.132Z"}
{"level":"info","message":{"action":"ORG_CREATE","details":{"orgId":3},"orgId":3,"userId":3},"timestamp":"2025-11-22T07:23:04.869Z"}
{"level":"info","message":{"action":"USER_LOGOUT","details":{"userId":3},"orgId":3,"userId":3},"timestamp":"2025-11-22T07:23:36.766Z"}
{"level":"info","message":{"action":"ORG_CREATE","details":{"orgId":6},"orgId":6,"userId":6},"timestamp":"2025-11-22T07:32:37.987Z"}
{"level":"info","message":{"action":"USER_LOGIN","details":{"userId":6},"orgId":6,"userId":6},"timestamp":"2025-11-22T07:33:35.497Z"}
{"level":"info","message":{"action":"USER_LOGOUT","details":{"userId":6},"orgId":6,"userId":6},"timestamp":"2025-11-22T07:33:41.214Z"}
{"level":"info","message":{"action":"USER_LOGIN","details":{"userId":6},"orgId":6,"userId":6},"timestamp":"2025-11-22T07:34:01.006Z"}
{"level":"info","message":{"action":"USER_LOGOUT","details":{"userId":6},"orgId":6,"userId":6},"timestamp":"2025-11-22T07:34:09.892Z"}
{"level":"info","message":{"action":"ORG_CREATE","details":{"orgId":8},"orgId":8,"userId":8},"timestamp":"2025-11-22T07:36:31.188Z"}
{"level":"info","message":{"action":"USER_LOGOUT","details":{"userId":8},"orgId":8,"userId":8},"timestamp":"2025-11-22T07:49:55.961Z"}
{"level":"info","message":{"action":"ORG_CREATE","details":{"orgId":9},"orgId":9,"userId":9},"timestamp":"2025-11-22T07:50:41.355Z"}
{"level":"info","message":{"action":"ORG_CREATE","details":{"orgId":11},"orgId":11,"userId":11},"timestamp":"2025-11-22T07:52:44.710Z"}
{"level":"info","message":{"action":"ORG_CREATE","details":{"orgId":13},"orgId":13,"userId":13},"timestamp":"2025-11-22T07:55:24.721Z"}
{"level":"info","message":{"action":"ORG_CREATE","details":{"orgId":14},"orgId":14,"userId":14},"timestamp":"2025-11-22T08:03:42.707Z"}
{"level":"info","message":{"action":"USER_LOGIN","details":{"userId":14},"orgId":14,"userId":14},"timestamp":"2025-11-22T08:04:12.710Z"}
{"level":"info","message":{"action":"USER_LOGOUT","details":{"userId":14},"orgId":14,"userId":14},"timestamp":"2025-11-22T08:29:14.955Z"}
{"level":"info","message":{"action":"USER_LOGIN","details":{"userId":14},"orgId":14,"userId":14},"timestamp":"2025-11-22T08:43:41.911Z"}
{"level":"info","message":{"action":"EMP_CREATE","details":{"employeeId":4},"orgId":14,"userId":14},"timestamp":"2025-11-22T10:34:57.598Z"}
{"level":"info","message":{"action":"USER_LOGIN","details":{"userId":1},"orgId":1,"userId":1},"timestamp":"2025-11-23T05:39:29.908Z"}
{"level":"info","message":{"action":"USER_LOGOUT","details":{"userId":1},"orgId":1,"userId":1},"timestamp":"2025-11-23T05:42:49.753Z"}
{"level":"info","message":{"action":"USER_LOGIN","details":{"userId":14},"orgId":14,"userId":14},"timestamp":"2025-11-23T05:43:05.717Z"}
{"level":"info","message":{"action":"TEAM_CREATE","details":{"teamId":2},"orgId":14,"userId":14},"timestamp":"2025-11-23T06:54:43.718Z"}
{"level":"info","message":{"action":"TEAM_CREATE","details":{"teamId":3},"orgId":14,"userId":14},"timestamp":"2025-11-23T07:17:41.281Z"}
{"level":"info","message":{"action":"EMP_ASSIGN","details":{"employeeId":4,"teamId":2},"orgId":14,"userId":14},"timestamp":"2025-11-23T07:18:16.436Z"}
{"level":"info","message":{"action":"EMP_ASSIGN","details":{"employeeId":4,"teamId":3},"orgId":14,"userId":14},"timestamp":"2025-11-23T07:25:39.381Z"}
{"level":"info","message":{"action":"EMP_UNASSIGN","details":{"employeeId":4,"teamId":3},"orgId":14,"userId":14},"timestamp":"2025-11-23T07:31:13.935Z"}
{"level":"info","message":{"action":"EMP_UNASSIGN","details":{"employeeId":4,"teamId":2},"orgId":14,"userId":14},"timestamp":"2025-11-23T07:31:15.451Z"}
{"level":"info","message":{"action":"EMP_ASSIGN","details":{"employeeId":4,"teamId":2},"orgId":14,"userId":14},"timestamp":"2025-11-23T07:31:17.666Z"}
{"level":"info","message":{"action":"EMP_UNASSIGN","details":{"employeeId":4,"teamId":2},"orgId":14,"userId":14},"timestamp":"2025-11-23T07:31:22.406Z"}
{"level":"info","message":{"action":"EMP_ASSIGN","details":{"employeeId":4,"teamId":2},"orgId":14,"userId":14},"timestamp":"2025-11-23T07:31:24.650Z"}
{"level":"info","message":{"action":"EMP_UNASSIGN","details":{"employeeId":4,"teamId":2},"orgId":14,"userId":14},"timestamp":"2025-11-23T07:31:33.332Z"}
{"level":"info","message":{"action":"EMP_ASSIGN","details":{"employeeId":4,"teamId":3},"orgId":14,"userId":14},"timestamp":"2025-11-23T07:31:38.370Z"}
{"level":"info","message":{"action":"EMP_ASSIGN","details":{"employeeId":4,"teamId":2},"orgId":14,"userId":14},"timestamp":"2025-11-23T08:43:34.120Z"}
{"level":"info","message":{"action":"EMP_UNASSIGN","details":{"employeeId":4,"teamId":2},"orgId":14,"userId":14},"timestamp":"2025-11-23T08:43:56.780Z"}
{"level":"info","message":{"action":"EMP_ASSIGN","details":{"employeeId":4,"teamId":2},"orgId":14,"userId":14},"timestamp":"2025-11-23T08:49:47.549Z"}
{"level":"info","message":{"action":"EMP_UNASSIGN","details":{"employeeId":4,"teamId":2},"orgId":14,"userId":14},"timestamp":"2025-11-23T09:00:41.922Z"}
{"level":"info","message":{"action":"EMP_UNASSIGN","details":{"employeeId":4,"teamId":3},"orgId":14,"userId":14},"timestamp":"2025-11-23T09:00:43.821Z"}
{"level":"info","message":{"action":"EMP_ASSIGN","details":{"employeeId":4,"teamId":2},"orgId":14,"userId":14},"timestamp":"2025-11-23T09:00:45.871Z"}
{"level":"info","message":{"action":"EMP_UNASSIGN","details":{"employeeId":4,"teamId":2},"orgId":14,"userId":14},"timestamp":"2025-11-23T09:02:34.973Z"}
{"level":"info","message":{"action":"EMP_ASSIGN","details":{"employeeId":4,"teamId":3},"orgId":14,"userId":14},"timestamp":"2025-11-23T09:02:37.417Z"}
{"level":"info","message":{"action":"EMP_ASSIGN","details":{"employeeId":4,"teamId":2},"orgId":14,"userId":14},"timestamp":"2025-11-23T09:02:55.403Z"}
{"level":"info","message":{"action":"EMP_UNASSIGN","details":{"employeeId":4,"teamId":3},"orgId":14,"userId":14},"timestamp":"2025-11-23T09:03:03.011Z"}
{"level":"info","message":{"action":"EMP_ASSIGN","details":{"employeeId":4,"teamId":3},"orgId":14,"userId":14},"timestamp":"2025-11-23T10:06:51.811Z"}
{"level":"info","message":{"action":"EMP_UNASSIGN","details":{"employeeId":4,"teamId":3},"orgId":14,"userId":14},"timestamp":"2025-11-23T10:07:02.290Z"}
{"level":"info","message":{"action":"EMP_UNASSIGN","details":{"employeeId":4,"teamId":2},"orgId":14,"userId":14},"timestamp":"2025-11-23T10:07:05.766Z"}
{"level":"info","message":{"action":"EMP_ASSIGN","details":{"employeeId":4,"teamId":2},"orgId":14,"userId":14},"timestamp":"2025-11-23T10:07:07.493Z"}
{"level":"info","message":{"action":"EMP_UNASSIGN","details":{"employeeId":4,"teamId":2},"orgId":14,"userId":14},"timestamp":"2025-11-23T10:07:11.216Z"}
{"level":"info","message":{"action":"EMP_ASSIGN","details":{"employeeId":4,"teamId":2},"orgId":14,"userId":14},"timestamp":"2025-11-23T10:07:13.365Z"}
{"level":"info","message":{"action":"EMP_ASSIGN","details":{"employeeId":4,"teamId":3},"orgId":14,"userId":14},"timestamp":"2025-11-23T11:44:55.758Z"}
{"level":"info","message":{"action":"EMP_UNASSIGN","details":{"employeeId":4,"teamId":2},"orgId":14,"userId":14},"timestamp":"2025-11-23T11:45:01.047Z"}
{"level":"info","message":{"action":"EMP_ASSIGN","details":{"employeeId":4,"teamId":2},"orgId":14,"userId":14},"timestamp":"2025-11-23T11:49:26.038Z"}
{"level":"info","message":{"action":"EMP_UNASSIGN","details":{"employeeId":4,"teamId":3},"orgId":14,"userId":14},"timestamp":"2025-11-23T11:49:27.709Z"}
{"level":"info","message":{"action":"EMP_ASSIGN","details":{"employeeId":4,"teamId":3},"orgId":14,"userId":14},"timestamp":"2025-11-23T13:22:39.017Z"}
{"level":"info","message":{"action":"EMP_UNASSIGN","details":{"employeeId":4,"teamId":3},"orgId":14,"userId":14},"timestamp":"2025-11-23T13:22:47.569Z"}
{"level":"info","message":{"action":"EMP_UNASSIGN","details":{"employeeId":4,"teamId":2},"orgId":14,"userId":14},"timestamp":"2025-11-23T13:22:48.922Z"}
{"level":"info","message":{"action":"EMP_ASSIGN","details":{"employeeId":4,"teamId":3},"orgId":14,"userId":14},"timestamp":"2025-11-23T13:23:25.020Z"}
{"level":"info","message":{"action":"USER_LOGIN","details":{"userId":1},"orgId":1,"userId":1},"timestamp":"2025-11-23T13:47:29.816Z"}
{"level":"info","message":{"action":"USER_LOGOUT","details":{"userId":1},"orgId":1,"userId":1},"timestamp":"2025-11-23T13:54:36.241Z"}
{"level":"info","message":{"action":"USER_LOGIN","details":{"userId":14},"orgId":14,"userId":14},"timestamp":"2025-11-23T13:54:51.781Z"}
{"level":"info","message":{"action":"TEAM_CREATE","details":{"teamId":4},"orgId":14,"userId":14},"timestamp":"2025-11-23T13:55:27.836Z"}
{"level":"info","message":{"action":"USER_LOGOUT","details":{"userId":14},"orgId":14,"userId":14},"timestamp":"2025-11-23T13:55:30.876Z"}
{"level":"info","message":{"action":"USER_LOGIN","details":{"userId":1},"orgId":1,"userId":1},"timestamp":"2025-11-23T13:55:41.719Z"}
{"level":"info","message":{"action":"TEAM_CREATE","details":{"teamId":5},"orgId":1,"userId":1},"timestamp":"2025-11-23T13:58:38.561Z"}
{"level":"info","message":{"action":"EMP_ASSIGN","details":{"employeeId":2,"teamId":5},"orgId":1,"userId":1},"timestamp":"2025-11-23T15:27:11.369Z"}
{"level":"info","message":{"action":"EMP_ASSIGN","details":{"employeeId":1,"teamId":5},"orgId":1,"userId":1},"timestamp":"2025-11-23T15:27:21.651Z"}
{"level":"info","message":{"action":"EMP_ASSIGN","details":{"employeeId":1,"teamId":1},"orgId":1,"userId":1},"timestamp":"2025-11-23T15:27:24.373Z"}
{"level":"info","message":{"action":"EMP_ASSIGN","details":{"employeeId":3,"teamId":5},"orgId":1,"userId":1},"timestamp":"2025-11-23T15:27:27.679Z"}
{"level":"info","message":{"action":"EMP_ASSIGN","details":{"employeeId":3,"teamId":1},"orgId":1,"userId":1},"timestamp":"2025-11-23T15:27:29.449Z"}
{"level":"info","message":{"action":"EMP_DELETE","details":{"employeeId":"1"},"orgId":1,"userId":1},"timestamp":"2025-11-23T15:27:54.961Z"}
{"level":"info","message":{"action":"EMP_DELETE","details":{"employeeId":"2"},"orgId":1,"userId":1},"timestamp":"2025-11-23T15:28:02.605Z"}
{"level":"info","message":{"action":"EMP_DELETE","details":{"employeeId":"3"},"orgId":1,"userId":1},"timestamp":"2025-11-23T15:28:05.624Z"}
{"level":"info","message":{"action":"TEAM_DELETE","details":{"teamId":"1"},"orgId":1,"userId":1},"timestamp":"2025-11-23T15:38:14.240Z"}
{"level":"info","message":{"action":"TEAM_DELETE","details":{"teamId":"5"},"orgId":1,"userId":1},"timestamp":"2025-11-23T15:38:17.797Z"}
{"level":"info","message":{"action":"USER_LOGOUT","details":{"userId":1},"orgId":1,"userId":1},"timestamp":"2025-11-23T15:52:18.337Z"}
{"level":"info","message":{"action":"USER_LOGIN","details":{"userId":1},"orgId":1,"userId":1},"timestamp":"2025-11-23T15:53:11.399Z"}
{"level":"info","message":{"action":"TEAM_CREATE","details":{"teamId":6},"orgId":1,"userId":1},"timestamp":"2025-11-23T16:01:26.178Z"}
{"level":"info","message":{"action":"EMP_CREATE","details":{"employeeId":5},"orgId":1,"userId":1},"timestamp":"2025-11-23T16:10:42.446Z"}
{"level":"info","message":{"action":"EMP_UPDATE","details":{"employeeId":"5"},"orgId":1,"userId":1},"timestamp":"2025-11-23T16:11:05.979Z"}
{"level":"info","message":{"action":"EMP_ASSIGN","details":{"employeeId":5,"teamId":6},"orgId":1,"userId":1},"timestamp":"2025-11-23T16:11:10.237Z"}
{"level":"info","message":{"action":"EMP_UNASSIGN","details":{"employeeId":5,"teamId":6},"orgId":1,"userId":1},"timestamp":"2025-11-23T16:11:11.784Z"}
{"level":"info","message":{"action":"EMP_CREATE","details":{"employeeId":6},"orgId":1,"userId":1},"timestamp":"2025-11-23T16:12:21.279Z"}
{"level":"info","message":{"action":"EMP_CREATE","details":{"employeeId":7},"orgId":1,"userId":1},"timestamp":"2025-11-23T16:15:14.570Z"}
{"level":"info","message":{"action":"EMP_ASSIGN","details":{"employeeId":7,"teamId":6},"orgId":1,"userId":1},"timestamp":"2025-11-23T16:15:19.141Z"}
{"level":"info","message":{"action":"EMP_ASSIGN","details":{"employeeId":6,"teamId":6},"orgId":1,"userId":1},"timestamp":"2025-11-23T16:15:20.844Z"}
{"level":"info","message":{"action":"EMP_ASSIGN","details":{"employeeId":5,"teamId":6},"orgId":1,"userId":1},"timestamp":"2025-11-23T16:15:22.032Z"}
{"level":"info","message":{"action":"EMP_UNASSIGN","details":{"employeeId":5,"teamId":6},"orgId":1,"userId":1},"timestamp":"2025-11-23T16:15:24.453Z"}
{"level":"info","message":{"action":"EMP_ASSIGN","details":{"employeeId":5,"teamId":6},"orgId":1,"userId":1},"timestamp":"2025-11-23T16:15:25.634Z"}
{"level":"info","message":{"action":"EMP_UNASSIGN","details":{"employeeId":5,"teamId":6},"orgId":1,"userId":1},"timestamp":"2025-11-23T16:15:26.600Z"}
{"level":"info","message":{"action":"EMP_UNASSIGN","details":{"employeeId":7,"teamId":6},"orgId":1,"userId":1},"timestamp":"2025-11-23T16:15:29.540Z"}
{"level":"info","message":{"action":"EMP_UNASSIGN","details":{"employeeId":6,"teamId":6},"orgId":1,"userId":1},"timestamp":"2025-11-23T16:15:31.687Z"}
{"level":"info","message":{"action":"EMP_ASSIGN","details":{"employeeId":7,"teamId":6},"orgId":1,"userId":1},"timestamp":"2025-11-23T16:15:34.567Z"}
{"level":"info","message":{"action":"EMP_ASSIGN","details":{"employeeId":6,"teamId":6},"orgId":1,"userId":1},"timestamp":"2025-11-23T16:15:36.894Z"}
{"level":"info","message":{"action":"EMP_ASSIGN","details":{"employeeId":5,"teamId":6},"orgId":1,"userId":1},"timestamp":"2025-11-23T16:15:37.961Z"}
{"level":"info","message":{"action":"EMP_UNASSIGN","details":{"employeeId":5,"teamId":6},"orgId":1,"userId":1},"timestamp":"2025-11-23T16:15:38.174Z"}
{"level":"info","message":{"action":"EMP_UNASSIGN","details":{"employeeId":7,"teamId":6},"orgId":1,"userId":1},"timestamp":"2025-11-23T16:15:41.031Z"}
{"level":"info","message":{"action":"EMP_UNASSIGN","details":{"employeeId":6,"teamId":6},"orgId":1,"userId":1},"timestamp":"2025-11-23T16:15:41.914Z"}
{"level":"info","message":{"action":"EMP_ASSIGN","details":{"employeeId":5,"teamId":6},"orgId":1,"userId":1},"timestamp":"2025-11-23T16:15:42.175Z"}
{"level":"info","message":{"action":"EMP_UNASSIGN","details":{"employeeId":5,"teamId":6},"orgId":1,"userId":1},"timestamp":"2025-11-23T16:15:43.184Z"}
{"level":"info","message":{"action":"EMP_ASSIGN","details":{"employeeId":5,"teamId":6},"orgId":1,"userId":1},"timestamp":"2025-11-23T16:15:44.274Z"}
{"level":"info","message":{"action":"EMP_ASSIGN","details":{"employeeId":6,"teamId":6},"orgId":1,"userId":1},"timestamp":"2025-11-23T16:15:46.090Z"}
{"level":"info","message":{"action":"EMP_UNASSIGN","details":{"employeeId":6,"teamId":6},"orgId":1,"userId":1},"timestamp":"2025-11-23T16:15:47.325Z"}
{"level":"info","message":{"action":"EMP_ASSIGN","details":{"employeeId":7,"teamId":6},"orgId":1,"userId":1},"timestamp":"2025-11-23T16:15:49.020Z"}
{"level":"info","message":{"action":"EMP_ASSIGN","details":{"employeeId":6,"teamId":6},"orgId":1,"userId":1},"timestamp":"2025-11-23T16:15:50.362Z"}
{"level":"info","message":{"action":"EMP_UNASSIGN","details":{"employeeId":6,"teamId":6},"orgId":1,"userId":1},"timestamp":"2025-11-23T16:15:51.794Z"}
{"level":"info","message":{"action":"EMP_ASSIGN","details":{"employeeId":6,"teamId":6},"orgId":1,"userId":1},"timestamp":"2025-11-23T16:15:52.681Z"}
{"level":"info","message":{"action":"EMP_UPDATE","details":{"employeeId":"6"},"orgId":1,"userId":1},"timestamp":"2025-11-23T16:19:50.442Z"}
{"level":"info","message":{"action":"EMP_UPDATE","details":{"employeeId":"5"},"orgId":1,"userId":1},"timestamp":"2025-11-23T16:20:01.674Z"}
{"level":"info","message":{"action":"EMP_DELETE","details":{"employeeId":"6"},"orgId":1,"userId":1},"timestamp":"2025-11-23T16:20:10.290Z"}
{"level":"info","message":{"action":"EMP_UNASSIGN","details":{"employeeId":7,"teamId":6},"orgId":1,"userId":1},"timestamp":"2025-11-23T16:21:01.231Z"}
{"level":"info","message":{"action":"EMP_UNASSIGN","details":{"employeeId":5,"teamId":6},"orgId":1,"userId":1},"timestamp":"2025-11-23T16:21:11.858Z"}
{"level":"info","message":{"action":"EMP_ASSIGN","details":{"employeeId":7,"teamId":6},"orgId":1,"userId":1},"timestamp":"2025-11-23T16:21:15.487Z"}
{"level":"info","message":{"action":"EMP_ASSIGN","details":{"employeeId":5,"teamId":6},"orgId":1,"userId":1},"timestamp":"2025-11-23T16:21:19.552Z"}
{"level":"info","message":{"action":"EMP_UNASSIGN","details":{"employeeId":7,"teamId":6},"orgId":1,"userId":1},"timestamp":"2025-11-23T16:21:21.687Z"}
{"level":"info","message":{"action":"EMP_UNASSIGN","details":{"employeeId":5,"teamId":6},"orgId":1,"userId":1},"timestamp":"2025-11-23T16:21:24.531Z"}
{"level":"info","message":{"action":"EMP_ASSIGN","details":{"employeeId":5,"teamId":6},"orgId":1,"userId":1},"timestamp":"2025-11-23T16:21:26.425Z"}
{"level":"info","message":{"action":"EMP_UNASSIGN","details":{"employeeId":5,"teamId":6},"orgId":1,"userId":1},"timestamp":"2025-11-23T16:21:28.301Z"}
{"level":"info","message":{"action":"EMP_ASSIGN","details":{"employeeId":7,"teamId":6},"orgId":1,"userId":1},"timestamp":"2025-11-23T16:21:30.674Z"}
{"level":"info","message":{"action":"EMP_ASSIGN","details":{"employeeId":5,"teamId":6},"orgId":1,"userId":1},"timestamp":"2025-11-23T16:21:43.799Z"}
{"level":"info","message":{"action":"EMP_UNASSIGN","details":{"employeeId":7,"teamId":6},"orgId":1,"userId":1},"timestamp":"2025-11-23T16:22:00.292Z"}
{"level":"info","message":{"action":"EMP_ASSIGN","details":{"employeeId":7,"teamId":6},"orgId":1,"userId":1},"timestamp":"2025-11-23T16:22:07.769Z"}
{"level":"info","message":{"action":"EMP_UNASSIGN","details":{"employeeId":5,"teamId":6},"orgId":1,"userId":1},"timestamp":"2025-11-23T16:22:21.512Z"}
